This is pdfTeX, Version 3.141592653-2.6-1.40.24 (TeX Live 2022) (preloaded format=pdflatex 2023.2.21)  21 FEB 2023 13:26
entering extended mode
 restricted \write18 enabled.
 %&-line parsing enabled.
**C:/Users/ucbtds4/R_Repositories/data_for_gbif/manuscript/manuscript.tex
(c:/Users/ucbtds4/R_Repositories/data_for_gbif/manuscript/manuscript.tex
LaTeX2e <2022-11-01> patch level 1
L3 programming layer <2023-02-07>

! LaTeX Error: File `oup-contemporary.cls' not found.

Type X to quit or <RETURN> to proceed,
or enter new name. (Default extension: cls)

Enter file name: 
! Emergency stop.
<read *> 
         
l.2 \journal
            {gigabyte}^^M 
Here is how much of TeX's memory you used:
 26 strings out of 477969
 760 string characters out of 5836748
 1849340 words of memory out of 5000000
 20322 multiletter control sequences out of 15000+600000
 512287 words of font info for 32 fonts, out of 8000000 for 9000
 14 hyphenation exceptions out of 8191
 19i,0n,27p,162b,17s stack positions out of 10000i,1000n,20000p,200000b,200000s

!  ==> Fatal error occurred, no output PDF file produced!
